<?xml version="1.0" encoding="UTF-8"?>
<!-- Generated by org.testng.reporters.JUnitReportReporter -->
<testsuite hostname="SWT-LTOP-1063" failures="0" tests="1" name="com.khelstake.test.LoginTest_SpinMatchApplication" time="157.565" errors="0" timestamp="2024-09-13T10:35:08 IST" skipped="0">
  <testcase classname="com.khelstake.test.LoginTest_SpinMatchApplication" name="login_Validation_SpinMatch_All_Provider" time="157.565"/>
  <system-out/>
</testsuite> <!-- com.khelstake.test.LoginTest_SpinMatchApplication -->
